<?xml version="1.0" encoding="UTF-8"?>
<testng-results ignored="0" total="2" passed="2" failed="0" skipped="0">
  <reporter-output>
  </reporter-output>
  <suite started-at="2024-08-04T22:34:22 IST" name="Default Suite" finished-at="2024-08-04T22:34:25 IST" duration-ms="3164">
    <groups>
    </groups>
    <test started-at="2024-08-04T22:34:22 IST" name="RESTassuredJavaProject" finished-at="2024-08-04T22:34:25 IST" duration-ms="3164">
      <class name="APITests">
        <test-method signature="test1()[pri:0, instance:APITests@358c99f5]" started-at="2024-08-04T22:34:22 IST" name="test1" finished-at="2024-08-04T22:34:25 IST" duration-ms="2927" status="PASS">
          <reporter-output>
          </reporter-output>
        </test-method> <!-- test1 -->
        <test-method signature="test2()[pri:0, instance:APITests@358c99f5]" started-at="2024-08-04T22:34:25 IST" name="test2" finished-at="2024-08-04T22:34:25 IST" duration-ms="169" status="PASS">
          <reporter-output>
          </reporter-output>
        </test-method> <!-- test2 -->
      </class> <!-- APITests -->
    </test> <!-- RESTassuredJavaProject -->
  </suite> <!-- Default Suite -->
</testng-results>
